<?xml version="1.0" encoding="UTF-8" ?>
<testsuite failures="0" time="79.373" errors="0" skipped="0" tests="8" name="org.apache.camel.CMISProducerTest">
  <properties>
    <property name="java.runtime.name" value="Java(TM) SE Runtime Environment"/>
    <property name="sun.boot.library.path" value="/System/Library/Java/JavaVirtualMachines/1.6.0.jdk/Contents/Libraries"/>
    <property name="java.vm.version" value="20.1-b02-384"/>
    <property name="awt.nativeDoubleBuffering" value="true"/>
    <property name="gopherProxySet" value="false"/>
    <property name="mrj.build" value="10M3425"/>
    <property name="java.vm.vendor" value="Apple Inc."/>
    <property name="java.vendor.url" value="http://www.apple.com/"/>
    <property name="path.separator" value=":"/>
    <property name="java.vm.name" value="Java HotSpot(TM) 64-Bit Server VM"/>
    <property name="file.encoding.pkg" value="sun.io"/>
    <property name="user.country" value="US"/>
    <property name="sun.java.launcher" value="SUN_STANDARD"/>
    <property name="sun.os.patch.level" value="unknown"/>
    <property name="org.apache.camel.jmx.disabled" value="true"/>
    <property name="java.vm.specification.name" value="Java Virtual Machine Specification"/>
    <property name="user.dir" value="/Users/bilginibryam/projects/camel-cmis"/>
    <property name="java.runtime.version" value="1.6.0_26-b03-384-10M3425"/>
    <property name="java.awt.graphicsenv" value="apple.awt.CGraphicsEnvironment"/>
    <property name="basedir" value="/Users/bilginibryam/projects/camel-cmis"/>
    <property name="java.endorsed.dirs" value="/System/Library/Java/JavaVirtualMachines/1.6.0.jdk/Contents/Home/lib/endorsed"/>
    <property name="os.arch" value="x86_64"/>
    <property name="surefire.real.class.path" value="/var/folders/bz/bzp74zj9HaayavE0reb7ak+++TI/-Tmp-/surefirebooter1340438657102203334.jar"/>
    <property name="java.io.tmpdir" value="/var/folders/bz/bzp74zj9HaayavE0reb7ak+++TI/-Tmp-/"/>
    <property name="line.separator" value="
"/>
    <property name="java.vm.specification.vendor" value="Sun Microsystems Inc."/>
    <property name="os.name" value="Mac OS X"/>
    <property name="sun.jnu.encoding" value="MacRoman"/>
    <property name="java.library.path" value="/Applications/IntelliJ IDEA 10.app/Contents/Resources/Java:/System/Library/PrivateFrameworks/JavaApplicationLauncher.framework/Resources:.:/Library/Java/Extensions:/System/Library/Java/Extensions:/usr/lib/java"/>
    <property name="surefire.test.class.path" value="/Users/bilginibryam/projects/camel-cmis/target/test-classes:/Users/bilginibryam/projects/camel-cmis/target/classes:/Users/bilginibryam/.m2/repository/org/apache/camel/camel-core/2.5.0/camel-core-2.5.0.jar:/Users/bilginibryam/.m2/repository/commons-logging/commons-logging-api/1.1/commons-logging-api-1.1.jar:/Users/bilginibryam/.m2/repository/org/fusesource/commonman/commons-management/1.0/commons-management-1.0.jar:/Users/bilginibryam/.m2/repository/org/apache/chemistry/opencmis/chemistry-opencmis-client-impl/0.5.0/chemistry-opencmis-client-impl-0.5.0.jar:/Users/bilginibryam/.m2/repository/org/apache/chemistry/opencmis/chemistry-opencmis-client-api/0.5.0/chemistry-opencmis-client-api-0.5.0.jar:/Users/bilginibryam/.m2/repository/org/apache/chemistry/opencmis/chemistry-opencmis-commons-api/0.5.0/chemistry-opencmis-commons-api-0.5.0.jar:/Users/bilginibryam/.m2/repository/commons-codec/commons-codec/1.4/commons-codec-1.4.jar:/Users/bilginibryam/.m2/repository/commons-logging/commons-logging/1.1.1/commons-logging-1.1.1.jar:/Users/bilginibryam/.m2/repository/org/apache/chemistry/opencmis/chemistry-opencmis-commons-impl/0.5.0/chemistry-opencmis-commons-impl-0.5.0.jar:/Users/bilginibryam/.m2/repository/com/sun/xml/ws/jaxws-rt/2.1.7/jaxws-rt-2.1.7.jar:/Users/bilginibryam/.m2/repository/javax/xml/ws/jaxws-api/2.1/jaxws-api-2.1.jar:/Users/bilginibryam/.m2/repository/javax/xml/bind/jaxb-api/2.1/jaxb-api-2.1.jar:/Users/bilginibryam/.m2/repository/javax/xml/stream/stax-api/1.0/stax-api-1.0.jar:/Users/bilginibryam/.m2/repository/javax/activation/activation/1.1/activation-1.1.jar:/Users/bilginibryam/.m2/repository/com/sun/xml/bind/jaxb-impl/2.1.11/jaxb-impl-2.1.11.jar:/Users/bilginibryam/.m2/repository/com/sun/xml/messaging/saaj/saaj-impl/1.3.3/saaj-impl-1.3.3.jar:/Users/bilginibryam/.m2/repository/javax/xml/soap/saaj-api/1.3/saaj-api-1.3.jar:/Users/bilginibryam/.m2/repository/com/sun/xml/stream/buffer/streambuffer/0.9/streambuffer-0.9.jar:/Users/bilginibryam/.m2/repository/org/jvnet/staxex/stax-ex/1.2/stax-ex-1.2.jar:/Users/bilginibryam/.m2/repository/org/codehaus/woodstox/wstx-asl/3.2.3/wstx-asl-3.2.3.jar:/Users/bilginibryam/.m2/repository/stax/stax-api/1.0.1/stax-api-1.0.1.jar:/Users/bilginibryam/.m2/repository/junit/junit/4.8.1/junit-4.8.1.jar:/Users/bilginibryam/.m2/repository/com/sun/org/apache/xml/internal/resolver/20050927/resolver-20050927.jar:/Users/bilginibryam/.m2/repository/org/jvnet/mimepull/1.3/mimepull-1.3.jar:/Users/bilginibryam/.m2/repository/org/apache/chemistry/opencmis/chemistry-opencmis-client-bindings/0.5.0/chemistry-opencmis-client-bindings-0.5.0.jar:/Users/bilginibryam/.m2/repository/org/apache/felix/org.osgi.core/1.0.0/org.osgi.core-1.0.0.jar:/Users/bilginibryam/.m2/repository/org/apache/camel/camel-test/2.5.0/camel-test-2.5.0.jar:/Users/bilginibryam/.m2/repository/org/apache/camel/camel-spring/2.5.0/camel-spring-2.5.0.jar:/Users/bilginibryam/.m2/repository/org/springframework/spring-context/3.0.4.RELEASE/spring-context-3.0.4.RELEASE.jar:/Users/bilginibryam/.m2/repository/org/springframework/spring-aop/3.0.4.RELEASE/spring-aop-3.0.4.RELEASE.jar:/Users/bilginibryam/.m2/repository/aopalliance/aopalliance/1.0/aopalliance-1.0.jar:/Users/bilginibryam/.m2/repository/org/springframework/spring-asm/3.0.4.RELEASE/spring-asm-3.0.4.RELEASE.jar:/Users/bilginibryam/.m2/repository/org/springframework/spring-beans/3.0.4.RELEASE/spring-beans-3.0.4.RELEASE.jar:/Users/bilginibryam/.m2/repository/org/springframework/spring-core/3.0.4.RELEASE/spring-core-3.0.4.RELEASE.jar:/Users/bilginibryam/.m2/repository/org/springframework/spring-expression/3.0.4.RELEASE/spring-expression-3.0.4.RELEASE.jar:/Users/bilginibryam/.m2/repository/org/springframework/spring-tx/3.0.4.RELEASE/spring-tx-3.0.4.RELEASE.jar:/Users/bilginibryam/.m2/repository/org/mortbay/jetty/jetty/6.1.24/jetty-6.1.24.jar:/Users/bilginibryam/.m2/repository/org/mortbay/jetty/jetty-util/6.1.24/jetty-util-6.1.24.jar:/Users/bilginibryam/.m2/repository/org/mortbay/jetty/servlet-api/2.5-20081211/servlet-api-2.5-20081211.jar:/Users/bilginibryam/.m2/repository/org/apache/camel/camel-http4/2.5.0/camel-http4-2.5.0.jar:/Users/bilginibryam/.m2/repository/org/apache/geronimo/specs/geronimo-servlet_2.4_spec/1.1.1/geronimo-servlet_2.4_spec-1.1.1.jar:/Users/bilginibryam/.m2/repository/org/apache/httpcomponents/httpclient/4.0.3/httpclient-4.0.3.jar:/Users/bilginibryam/.m2/repository/org/apache/httpcomponents/httpcore/4.0.1/httpcore-4.0.1.jar:"/>
    <property name="java.specification.name" value="Java Platform API Specification"/>
    <property name="java.class.version" value="50.0"/>
    <property name="sun.management.compiler" value="HotSpot 64-Bit Tiered Compilers"/>
    <property name="os.version" value="10.6.8"/>
    <property name="user.home" value="/Users/bilginibryam"/>
    <property name="user.timezone" value="Europe/London"/>
    <property name="java.awt.printerjob" value="apple.awt.CPrinterJob"/>
    <property name="java.specification.version" value="1.6"/>
    <property name="file.encoding" value="MacRoman"/>
    <property name="user.name" value="bilginibryam"/>
    <property name="java.class.path" value="/Users/bilginibryam/projects/camel-cmis/target/test-classes:/Users/bilginibryam/projects/camel-cmis/target/classes:/Users/bilginibryam/.m2/repository/org/apache/camel/camel-core/2.5.0/camel-core-2.5.0.jar:/Users/bilginibryam/.m2/repository/commons-logging/commons-logging-api/1.1/commons-logging-api-1.1.jar:/Users/bilginibryam/.m2/repository/org/fusesource/commonman/commons-management/1.0/commons-management-1.0.jar:/Users/bilginibryam/.m2/repository/org/apache/chemistry/opencmis/chemistry-opencmis-client-impl/0.5.0/chemistry-opencmis-client-impl-0.5.0.jar:/Users/bilginibryam/.m2/repository/org/apache/chemistry/opencmis/chemistry-opencmis-client-api/0.5.0/chemistry-opencmis-client-api-0.5.0.jar:/Users/bilginibryam/.m2/repository/org/apache/chemistry/opencmis/chemistry-opencmis-commons-api/0.5.0/chemistry-opencmis-commons-api-0.5.0.jar:/Users/bilginibryam/.m2/repository/commons-codec/commons-codec/1.4/commons-codec-1.4.jar:/Users/bilginibryam/.m2/repository/commons-logging/commons-logging/1.1.1/commons-logging-1.1.1.jar:/Users/bilginibryam/.m2/repository/org/apache/chemistry/opencmis/chemistry-opencmis-commons-impl/0.5.0/chemistry-opencmis-commons-impl-0.5.0.jar:/Users/bilginibryam/.m2/repository/com/sun/xml/ws/jaxws-rt/2.1.7/jaxws-rt-2.1.7.jar:/Users/bilginibryam/.m2/repository/javax/xml/ws/jaxws-api/2.1/jaxws-api-2.1.jar:/Users/bilginibryam/.m2/repository/javax/xml/bind/jaxb-api/2.1/jaxb-api-2.1.jar:/Users/bilginibryam/.m2/repository/javax/xml/stream/stax-api/1.0/stax-api-1.0.jar:/Users/bilginibryam/.m2/repository/javax/activation/activation/1.1/activation-1.1.jar:/Users/bilginibryam/.m2/repository/com/sun/xml/bind/jaxb-impl/2.1.11/jaxb-impl-2.1.11.jar:/Users/bilginibryam/.m2/repository/com/sun/xml/messaging/saaj/saaj-impl/1.3.3/saaj-impl-1.3.3.jar:/Users/bilginibryam/.m2/repository/javax/xml/soap/saaj-api/1.3/saaj-api-1.3.jar:/Users/bilginibryam/.m2/repository/com/sun/xml/stream/buffer/streambuffer/0.9/streambuffer-0.9.jar:/Users/bilginibryam/.m2/repository/org/jvnet/staxex/stax-ex/1.2/stax-ex-1.2.jar:/Users/bilginibryam/.m2/repository/org/codehaus/woodstox/wstx-asl/3.2.3/wstx-asl-3.2.3.jar:/Users/bilginibryam/.m2/repository/stax/stax-api/1.0.1/stax-api-1.0.1.jar:/Users/bilginibryam/.m2/repository/junit/junit/4.8.1/junit-4.8.1.jar:/Users/bilginibryam/.m2/repository/com/sun/org/apache/xml/internal/resolver/20050927/resolver-20050927.jar:/Users/bilginibryam/.m2/repository/org/jvnet/mimepull/1.3/mimepull-1.3.jar:/Users/bilginibryam/.m2/repository/org/apache/chemistry/opencmis/chemistry-opencmis-client-bindings/0.5.0/chemistry-opencmis-client-bindings-0.5.0.jar:/Users/bilginibryam/.m2/repository/org/apache/felix/org.osgi.core/1.0.0/org.osgi.core-1.0.0.jar:/Users/bilginibryam/.m2/repository/org/apache/camel/camel-test/2.5.0/camel-test-2.5.0.jar:/Users/bilginibryam/.m2/repository/org/apache/camel/camel-spring/2.5.0/camel-spring-2.5.0.jar:/Users/bilginibryam/.m2/repository/org/springframework/spring-context/3.0.4.RELEASE/spring-context-3.0.4.RELEASE.jar:/Users/bilginibryam/.m2/repository/org/springframework/spring-aop/3.0.4.RELEASE/spring-aop-3.0.4.RELEASE.jar:/Users/bilginibryam/.m2/repository/aopalliance/aopalliance/1.0/aopalliance-1.0.jar:/Users/bilginibryam/.m2/repository/org/springframework/spring-asm/3.0.4.RELEASE/spring-asm-3.0.4.RELEASE.jar:/Users/bilginibryam/.m2/repository/org/springframework/spring-beans/3.0.4.RELEASE/spring-beans-3.0.4.RELEASE.jar:/Users/bilginibryam/.m2/repository/org/springframework/spring-core/3.0.4.RELEASE/spring-core-3.0.4.RELEASE.jar:/Users/bilginibryam/.m2/repository/org/springframework/spring-expression/3.0.4.RELEASE/spring-expression-3.0.4.RELEASE.jar:/Users/bilginibryam/.m2/repository/org/springframework/spring-tx/3.0.4.RELEASE/spring-tx-3.0.4.RELEASE.jar:/Users/bilginibryam/.m2/repository/org/mortbay/jetty/jetty/6.1.24/jetty-6.1.24.jar:/Users/bilginibryam/.m2/repository/org/mortbay/jetty/jetty-util/6.1.24/jetty-util-6.1.24.jar:/Users/bilginibryam/.m2/repository/org/mortbay/jetty/servlet-api/2.5-20081211/servlet-api-2.5-20081211.jar:/Users/bilginibryam/.m2/repository/org/apache/camel/camel-http4/2.5.0/camel-http4-2.5.0.jar:/Users/bilginibryam/.m2/repository/org/apache/geronimo/specs/geronimo-servlet_2.4_spec/1.1.1/geronimo-servlet_2.4_spec-1.1.1.jar:/Users/bilginibryam/.m2/repository/org/apache/httpcomponents/httpclient/4.0.3/httpclient-4.0.3.jar:/Users/bilginibryam/.m2/repository/org/apache/httpcomponents/httpcore/4.0.1/httpcore-4.0.1.jar:"/>
    <property name="java.vm.specification.version" value="1.0"/>
    <property name="sun.arch.data.model" value="64"/>
    <property name="java.home" value="/System/Library/Java/JavaVirtualMachines/1.6.0.jdk/Contents/Home"/>
    <property name="sun.java.command" value="/var/folders/bz/bzp74zj9HaayavE0reb7ak+++TI/-Tmp-/surefirebooter1340438657102203334.jar /var/folders/bz/bzp74zj9HaayavE0reb7ak+++TI/-Tmp-/surefire5836538814524917437tmp /var/folders/bz/bzp74zj9HaayavE0reb7ak+++TI/-Tmp-/surefire5422080853295055091tmp"/>
    <property name="java.specification.vendor" value="Sun Microsystems Inc."/>
    <property name="user.language" value="en"/>
    <property name="awt.toolkit" value="apple.awt.CToolkit"/>
    <property name="java.vm.info" value="mixed mode"/>
    <property name="java.version" value="1.6.0_26"/>
    <property name="java.ext.dirs" value="/Library/Java/Extensions:/System/Library/Java/Extensions:/System/Library/Java/JavaVirtualMachines/1.6.0.jdk/Contents/Home/lib/ext"/>
    <property name="sun.boot.class.path" value="/System/Library/Java/JavaVirtualMachines/1.6.0.jdk/Contents/Classes/jsfd.jar:/System/Library/Java/JavaVirtualMachines/1.6.0.jdk/Contents/Classes/classes.jar:/System/Library/Frameworks/JavaVM.framework/Frameworks/JavaRuntimeSupport.framework/Resources/Java/JavaRuntimeSupport.jar:/System/Library/Java/JavaVirtualMachines/1.6.0.jdk/Contents/Classes/ui.jar:/System/Library/Java/JavaVirtualMachines/1.6.0.jdk/Contents/Classes/laf.jar:/System/Library/Java/JavaVirtualMachines/1.6.0.jdk/Contents/Classes/sunrsasign.jar:/System/Library/Java/JavaVirtualMachines/1.6.0.jdk/Contents/Classes/jsse.jar:/System/Library/Java/JavaVirtualMachines/1.6.0.jdk/Contents/Classes/jce.jar:/System/Library/Java/JavaVirtualMachines/1.6.0.jdk/Contents/Classes/charsets.jar"/>
    <property name="java.vendor" value="Apple Inc."/>
    <property name="localRepository" value="/Users/bilginibryam/.m2/repository"/>
    <property name="file.separator" value="/"/>
    <property name="java.vendor.url.bug" value="http://bugreport.apple.com/"/>
    <property name="sun.cpu.endian" value="little"/>
    <property name="sun.io.unicode.encoding" value="UnicodeLittle"/>
    <property name="mrj.version" value="1060.1.6.0_26-384"/>
    <property name="sun.cpu.isalist" value=""/>
  </properties>
  <testcase time="11.474" classname="org.apache.camel.CMISProducerTest" name="storeMessageBodyAsTextDocument"/>
  <testcase time="10.43" classname="org.apache.camel.CMISProducerTest" name="getDocumentMimeTypeFromMessageContentType"/>
  <testcase time="8.084" classname="org.apache.camel.CMISProducerTest" name="namePropertyIsAlwaysRequired"/>
  <testcase time="8.662" classname="org.apache.camel.CMISProducerTest" name="createDocumentWithoutContentByExplicitlySpecifyingObjectTypeHeader"/>
  <testcase time="9.288" classname="org.apache.camel.CMISProducerTest" name="emptyBodyAndMissingObjectTypeHeaderCreatesFolderNode"/>
  <testcase time="12.089" classname="org.apache.camel.CMISProducerTest" name="cmisPropertiesAreStored"/>
  <testcase time="8.065" classname="org.apache.camel.CMISProducerTest" name="failConnectingToNonExistingRepository"/>
  <testcase time="11.276" classname="org.apache.camel.CMISProducerTest" name="createDocumentAtSpecificPath"/>
</testsuite>